<?xml version="1.0" encoding="UTF-8"?>
<!-- Generated by org.testng.reporters.JUnitReportReporter -->
<testsuite hostname="DESKTOP-H10B0F2" failures="0" tests="1" name="com.sauceDemo.TestClasses.TC02_VerifyLogoutFunctionality" time="1.198" errors="0" timestamp="2022-10-10T15:25:15 IST" skipped="0">
  <testcase classname="com.sauceDemo.TestClasses.TC02_VerifyLogoutFunctionality" name="verifyLogout" time="1.198"/>
  <system-out/>
</testsuite> <!-- com.sauceDemo.TestClasses.TC02_VerifyLogoutFunctionality -->
