<?xml version="1.0" encoding="UTF-8"?>
<!-- Generated by org.testng.reporters.JUnitReportReporter -->
<testsuite hostname="DESKTOP-H10B0F2" failures="0" tests="1" name="com.sauceDemo.TestClasses.TC01_VerifyLoginFunctionality" time="2.086" errors="0" timestamp="2022-10-10T15:25:15 IST" skipped="0">
  <testcase classname="com.sauceDemo.TestClasses.TC01_VerifyLoginFunctionality" name="loginFunctionality" time="2.086"/>
  <system-out/>
</testsuite> <!-- com.sauceDemo.TestClasses.TC01_VerifyLoginFunctionality -->
